Time resolution is 1 ps
a = x b = x a_times_b = x temp_result = x flag = x temp_sign = x
a = x b = x a_times_b = x temp_result =  0 flag =  0 temp_sign =  0
a = x b = x a_times_b = x temp_result =  0 flag =  0 temp_sign =  0
a = x b = x a_times_b = x temp_result =  0 flag =  0 temp_sign =  0
a = x b = x a_times_b = x temp_result =  0 flag =  0 temp_sign =  0
a = x b = x a_times_b = x temp_result =  0 flag =  0 temp_sign =  0
a = x b = x a_times_b = x temp_result =  0 flag =  0 temp_sign =  0
a = x b = x a_times_b = x temp_result =  0 flag =  0 temp_sign =  0
a = x b = x a_times_b = x temp_result =  0 flag =  0 temp_sign =  0
a = x b = x a_times_b = x temp_result =  0 flag =  0 temp_sign =  0
a = x b = x a_times_b = x temp_result =  0 flag =  0 temp_sign =  0
a = x b = x a_times_b = x temp_result =  0 flag =  0 temp_sign =  0
a = x b = x a_times_b = x temp_result =  0 flag =  0 temp_sign =  0
a = x b = x a_times_b = x temp_result =  0 flag =  0 temp_sign =  0
a = x b = x a_times_b = x temp_result =  0 flag =  0 temp_sign =  0
a = x b = x a_times_b = x temp_result =  0 flag =  0 temp_sign =  0
a = x b = x a_times_b = x temp_result =  0 flag =  0 temp_sign =  0
a = x b = x a_times_b = x temp_result =  0 flag =  0 temp_sign =  0
a = x b = x a_times_b = x temp_result =  0 flag =  0 temp_sign =  0
a = x b = x a_times_b = x temp_result =  0 flag =  0 temp_sign =  0
a = x b = x a_times_b = x temp_result =  0 flag =  0 temp_sign =  0
a = x b = x a_times_b = x temp_result =  0 flag =  0 temp_sign =  0
a = x b = x a_times_b = x temp_result =  0 flag =  0 temp_sign =  0
a = x b = x a_times_b = x temp_result =  0 flag =  0 temp_sign =  0
a = x b = x a_times_b = x temp_result =  0 flag =  0 temp_sign =  0
a = x b = x a_times_b = x temp_result =  0 flag =  0 temp_sign =  0
a = x b = x a_times_b = x temp_result =  0 flag =  0 temp_sign =  0
a = x b = x a_times_b = x temp_result =  0 flag =  0 temp_sign =  0
a = x b = x a_times_b = x temp_result =  0 flag =  0 temp_sign =  0
a = x b = x a_times_b = x temp_result =  0 flag =  0 temp_sign =  0
a = x b = x a_times_b = x temp_result =  0 flag =  0 temp_sign =  0
a = x b = x a_times_b = x temp_result =  0 flag =  0 temp_sign =  0
a = x b = x a_times_b = x temp_result =  0 flag =  0 temp_sign =  0
a = x b = x a_times_b = x temp_result =  0 flag =  0 temp_sign =  0
a = x b = x a_times_b = x temp_result =  0 flag =  0 temp_sign =  0
a = x b = x a_times_b = x temp_result =  0 flag =  0 temp_sign =  0
a = x b = x a_times_b = x temp_result =  0 flag =  0 temp_sign =  0
a = x b = x a_times_b = x temp_result =  0 flag =  0 temp_sign =  0
a = x b = x a_times_b = x temp_result =  0 flag =  0 temp_sign =  0
a = x b = x a_times_b = x temp_result =  0 flag =  0 temp_sign =  0
a = x b = x a_times_b = x temp_result =  0 flag =  0 temp_sign =  0
a = x b = x a_times_b = x temp_result =  0 flag =  0 temp_sign =  0
a = x b = x a_times_b = x temp_result =  0 flag =  0 temp_sign =  0
a = x b = x a_times_b = x temp_result =  0 flag =  0 temp_sign =  0
a = x b = x a_times_b = x temp_result =  0 flag =  0 temp_sign =  0
a = x b = x a_times_b = x temp_result =  0 flag =  0 temp_sign =  0
a = x b = x a_times_b = x temp_result =  0 flag =  0 temp_sign =  0
a = x b = x a_times_b = x temp_result =  0 flag =  0 temp_sign =  0
a = x b = x a_times_b = x temp_result =  0 flag =  0 temp_sign =  0
a = x b = x a_times_b = x temp_result =  0 flag =  0 temp_sign =  0
a = x b = x a_times_b = x temp_result =  0 flag =  0 temp_sign =  0
a = x b = x a_times_b = x temp_result =  0 flag =  0 temp_sign =  0
a = x b = x a_times_b = x temp_result =  0 flag =  0 temp_sign =  0
a = x b = x a_times_b = x temp_result =  0 flag =  0 temp_sign =  0
a = x b = x a_times_b = x temp_result =  0 flag =  0 temp_sign =  0
a = x b = x a_times_b = x temp_result =  0 flag =  0 temp_sign =  0
a = x b = x a_times_b = x temp_result =  0 flag =  0 temp_sign =  0
a = x b = x a_times_b = x temp_result =  0 flag =  0 temp_sign =  0
a = x b = x a_times_b = x temp_result =  0 flag =  0 temp_sign =  0
a = x b = x a_times_b = x temp_result =  0 flag =  0 temp_sign =  0
a = x b = x a_times_b = x temp_result =  0 flag =  0 temp_sign =  0
a = x b = x a_times_b = x temp_result =  0 flag =  0 temp_sign =  0
a = x b = x a_times_b = x temp_result =  0 flag =  0 temp_sign =  0
a = x b = x a_times_b = x temp_result =  0 flag =  0 temp_sign =  0
a = x b = x a_times_b = x temp_result =  0 flag =  0 temp_sign =  0
a = x b = x a_times_b = x temp_result =  0 flag =  0 temp_sign =  0
a = x b = x a_times_b = x temp_result =  0 flag =  0 temp_sign =  0
a = x b = x a_times_b = x temp_result =  0 flag =  0 temp_sign =  0
a = x b = x a_times_b = x temp_result =  0 flag =  0 temp_sign =  0
a = x b = x a_times_b = x temp_result =  0 flag =  0 temp_sign =  0
a = x b = x a_times_b = x temp_result =  0 flag =  0 temp_sign =  0
a = x b = x a_times_b = x temp_result =  0 flag =  0 temp_sign =  0
a = x b = x a_times_b = x temp_result =  0 flag =  0 temp_sign =  0
a = x b = x a_times_b = x temp_result =  0 flag =  0 temp_sign =  0
a = x b = x a_times_b = x temp_result =  0 flag =  0 temp_sign =  0
a = x b = x a_times_b = x temp_result =  0 flag =  0 temp_sign =  0
a = x b = x a_times_b = x temp_result =  0 flag =  0 temp_sign =  0
a = x b = x a_times_b = x temp_result =  0 flag =  0 temp_sign =  0
a = x b = x a_times_b = x temp_result =  0 flag =  0 temp_sign =  0
a = x b = x a_times_b = x temp_result =  0 flag =  0 temp_sign =  0
a = x b = x a_times_b = x temp_result =  0 flag =  0 temp_sign =  0
a = x b = x a_times_b = x temp_result =  0 flag =  0 temp_sign =  0
a = x b = x a_times_b = x temp_result =  0 flag =  0 temp_sign =  0
a = x b = x a_times_b = x temp_result =  0 flag =  0 temp_sign =  0
a = x b = x a_times_b = x temp_result =  0 flag =  0 temp_sign =  0
a = x b = x a_times_b = x temp_result =  0 flag =  0 temp_sign =  0
a = x b = x a_times_b = x temp_result =  0 flag =  0 temp_sign =  0
a = x b = x a_times_b = x temp_result =  0 flag =  0 temp_sign =  0
a = x b = x a_times_b = x temp_result =  0 flag =  0 temp_sign =  0
a = x b = x a_times_b = x temp_result =  0 flag =  0 temp_sign =  0
a = x b = x a_times_b = x temp_result =  0 flag =  0 temp_sign =  0
a = x b = x a_times_b = x temp_result =  0 flag =  0 temp_sign =  0
a = x b = x a_times_b = x temp_result =  0 flag =  0 temp_sign =  0
a = x b = x a_times_b = x temp_result =  0 flag =  0 temp_sign =  0
a = x b = x a_times_b = x temp_result =  0 flag =  0 temp_sign =  0
a = x b = x a_times_b = x temp_result =  0 flag =  0 temp_sign =  0
a = x b = x a_times_b = x temp_result =  0 flag =  0 temp_sign =  0
a = x b = x a_times_b = x temp_result =  0 flag =  0 temp_sign =  0
a = x b = x a_times_b = x temp_result =  0 flag =  0 temp_sign =  0
a = 63 b =  5 a_times_b = x temp_result =  0 flag =  0 temp_sign =  0
a = 63 b =  5 a_times_b = x temp_result =  0 flag =  0 temp_sign =  0
a = 63 b =  5 a_times_b = x temp_result =  0 flag =  0 temp_sign =  0
a = 63 b =  5 a_times_b = x temp_result =  0 flag =  0 temp_sign =  0
a = 63 b =  5 a_times_b =  0 temp_result = x flag =  1 temp_sign = x
a = 63 b =  5 a_times_b =  0 temp_result = x flag =  1 temp_sign = x
a = 63 b =  5 a_times_b =  0 temp_result = x flag =  2 temp_sign = x
a = 63 b =  5 a_times_b =  0 temp_result = x flag =  2 temp_sign = x
a = 63 b =  5 a_times_b =  0 temp_result = x flag =  3 temp_sign = x
a = 63 b =  5 a_times_b =  0 temp_result = x flag =  3 temp_sign = x
a = 63 b =  5 a_times_b =  0 temp_result = x flag =  4 temp_sign = x
a = 63 b =  5 a_times_b =  0 temp_result = x flag =  4 temp_sign = x
a = 63 b =  5 a_times_b =  0 temp_result = x flag =  5 temp_sign = x
a = 63 b =  5 a_times_b =  0 temp_result = x flag =  5 temp_sign = x
a = 63 b =  5 a_times_b =  0 temp_result = x flag =  6 temp_sign = x
a = 63 b =  5 a_times_b =  0 temp_result = x flag =  6 temp_sign = x
a = 63 b =  5 a_times_b =  0 temp_result =  0 flag =  0 temp_sign =  0
a = 63 b =  5 a_times_b =  0 temp_result =  0 flag =  0 temp_sign =  0
a = 63 b =  5 a_times_b =  0 temp_result = -1 flag =  1 temp_sign =  1
a = 63 b =  5 a_times_b =  0 temp_result = -1 flag =  1 temp_sign =  1
a = 63 b = 10 a_times_b = -1 temp_result = -2 flag =  2 temp_sign =  1
a = 63 b = 10 a_times_b = -1 temp_result = -2 flag =  2 temp_sign =  1
a = 63 b = 10 a_times_b = -2 temp_result = -3 flag =  3 temp_sign =  1
a = 63 b = 10 a_times_b = -2 temp_result = -3 flag =  3 temp_sign =  1
a = 63 b = 10 a_times_b = -3 temp_result = -4 flag =  4 temp_sign =  1
a = 63 b = 10 a_times_b = -3 temp_result = -4 flag =  4 temp_sign =  1
a = 63 b = 10 a_times_b = -4 temp_result = -5 flag =  5 temp_sign =  1
a = 63 b = 10 a_times_b = -4 temp_result = -5 flag =  5 temp_sign =  1
a = 63 b = 10 a_times_b = -5 temp_result = -6 flag =  6 temp_sign =  1
a = 63 b = 10 a_times_b = -5 temp_result = -6 flag =  6 temp_sign =  1
a = 63 b = 10 a_times_b = -6 temp_result = -7 flag =  7 temp_sign =  1
a = 63 b = 10 a_times_b = -6 temp_result = -7 flag =  7 temp_sign =  1
a = 63 b = 10 a_times_b = -7 temp_result = -8 flag =  8 temp_sign =  1
a = 63 b = 10 a_times_b = -7 temp_result = -8 flag =  8 temp_sign =  1
a = 63 b = 10 a_times_b = -8 temp_result = -9 flag =  9 temp_sign =  1
a = 63 b = 10 a_times_b = -8 temp_result = -9 flag =  9 temp_sign =  1
a = 63 b = 10 a_times_b = -9 temp_result = -10 flag = 10 temp_sign =  1
a = 63 b = 10 a_times_b = -9 temp_result = -10 flag = 10 temp_sign =  1
a = 63 b = 10 a_times_b = -10 temp_result = -11 flag = 11 temp_sign =  1
a = 63 b = 10 a_times_b = -10 temp_result = -11 flag = 11 temp_sign =  1
a = 63 b = 10 a_times_b = -10 temp_result =  0 flag =  0 temp_sign =  0
a = 63 b = 10 a_times_b = -10 temp_result =  0 flag =  0 temp_sign =  0
a = 63 b = 10 a_times_b =  0 temp_result = -1 flag =  1 temp_sign =  1
a = 63 b = 10 a_times_b =  0 temp_result = -1 flag =  1 temp_sign =  1
a = 63 b = 10 a_times_b = -1 temp_result = -2 flag =  2 temp_sign =  1
a = 63 b = 10 a_times_b = -1 temp_result = -2 flag =  2 temp_sign =  1
a = 63 b = 10 a_times_b = -2 temp_result = -3 flag =  3 temp_sign =  1
a = 63 b = 10 a_times_b = -2 temp_result = -3 flag =  3 temp_sign =  1
a = 63 b = 10 a_times_b = -3 temp_result = -4 flag =  4 temp_sign =  1
a = 63 b = 10 a_times_b = -3 temp_result = -4 flag =  4 temp_sign =  1
a = 63 b = 10 a_times_b = -4 temp_result = -5 flag =  5 temp_sign =  1
a = 63 b = 10 a_times_b = -4 temp_result = -5 flag =  5 temp_sign =  1
a = 63 b = 10 a_times_b = -5 temp_result = -6 flag =  6 temp_sign =  1
a = 63 b = 10 a_times_b = -5 temp_result = -6 flag =  6 temp_sign =  1
a = 63 b = 10 a_times_b = -6 temp_result = -7 flag =  7 temp_sign =  1
a = 63 b = 10 a_times_b = -6 temp_result = -7 flag =  7 temp_sign =  1
a = 63 b = 10 a_times_b = -7 temp_result = -8 flag =  8 temp_sign =  1
a = 63 b = 10 a_times_b = -7 temp_result = -8 flag =  8 temp_sign =  1
a = 63 b = 10 a_times_b = -8 temp_result = -9 flag =  9 temp_sign =  1
a = 63 b = 10 a_times_b = -8 temp_result = -9 flag =  9 temp_sign =  1
a = 63 b = 15 a_times_b = -9 temp_result = -10 flag = 10 temp_sign =  1
a = 63 b = 15 a_times_b = -9 temp_result = -10 flag = 10 temp_sign =  1
a = 63 b = 15 a_times_b = -10 temp_result = -11 flag = 11 temp_sign =  1
a = 63 b = 15 a_times_b = -10 temp_result = -11 flag = 11 temp_sign =  1
a = 63 b = 15 a_times_b = -11 temp_result = -12 flag = 12 temp_sign =  1
a = 63 b = 15 a_times_b = -11 temp_result = -12 flag = 12 temp_sign =  1
a = 63 b = 15 a_times_b = -12 temp_result = -13 flag = 13 temp_sign =  1
a = 63 b = 15 a_times_b = -12 temp_result = -13 flag = 13 temp_sign =  1
a = 63 b = 15 a_times_b = -13 temp_result = -14 flag = 14 temp_sign =  1
a = 63 b = 15 a_times_b = -13 temp_result = -14 flag = 14 temp_sign =  1
a = 63 b = 15 a_times_b = -14 temp_result = -15 flag = 15 temp_sign =  1
a = 63 b = 15 a_times_b = -14 temp_result = -15 flag = 15 temp_sign =  1
a = 63 b = 15 a_times_b = -15 temp_result = -16 flag = 16 temp_sign =  1
a = 63 b = 15 a_times_b = -15 temp_result = -16 flag = 16 temp_sign =  1
a = 63 b = 15 a_times_b = -15 temp_result =  0 flag =  0 temp_sign =  0
a = 63 b = 15 a_times_b = -15 temp_result =  0 flag =  0 temp_sign =  0
a = 63 b = 15 a_times_b =  0 temp_result = -1 flag =  1 temp_sign =  1
a = 63 b = 15 a_times_b =  0 temp_result = -1 flag =  1 temp_sign =  1
a = 63 b = 15 a_times_b = -1 temp_result = -2 flag =  2 temp_sign =  1
a = 63 b = 15 a_times_b = -1 temp_result = -2 flag =  2 temp_sign =  1
a = 63 b = 15 a_times_b = -2 temp_result = -3 flag =  3 temp_sign =  1
a = 63 b = 15 a_times_b = -2 temp_result = -3 flag =  3 temp_sign =  1
a = 63 b = 15 a_times_b = -3 temp_result = -4 flag =  4 temp_sign =  1
a = 63 b = 15 a_times_b = -3 temp_result = -4 flag =  4 temp_sign =  1
a = 63 b = 15 a_times_b = -4 temp_result = -5 flag =  5 temp_sign =  1
a = 63 b = 15 a_times_b = -4 temp_result = -5 flag =  5 temp_sign =  1
a = 63 b = 15 a_times_b = -5 temp_result = -6 flag =  6 temp_sign =  1
a = 63 b = 15 a_times_b = -5 temp_result = -6 flag =  6 temp_sign =  1
a = 63 b = 15 a_times_b = -6 temp_result = -7 flag =  7 temp_sign =  1
a = 63 b = 15 a_times_b = -6 temp_result = -7 flag =  7 temp_sign =  1
a = 63 b = 15 a_times_b = -7 temp_result = -8 flag =  8 temp_sign =  1
a = 63 b = 15 a_times_b = -7 temp_result = -8 flag =  8 temp_sign =  1
a = 63 b = 15 a_times_b = -8 temp_result = -9 flag =  9 temp_sign =  1
a = 63 b = 15 a_times_b = -8 temp_result = -9 flag =  9 temp_sign =  1
a = 63 b = 15 a_times_b = -9 temp_result = -10 flag = 10 temp_sign =  1
a = 63 b = 15 a_times_b = -9 temp_result = -10 flag = 10 temp_sign =  1
a = 63 b = 15 a_times_b = -10 temp_result = -11 flag = 11 temp_sign =  1
a = 63 b = 15 a_times_b = -10 temp_result = -11 flag = 11 temp_sign =  1
a = 63 b = 15 a_times_b = -11 temp_result = -12 flag = 12 temp_sign =  1
a = 63 b = 15 a_times_b = -11 temp_result = -12 flag = 12 temp_sign =  1
a = 63 b = 15 a_times_b = -12 temp_result = -13 flag = 13 temp_sign =  1
a = 63 b = 15 a_times_b = -12 temp_result = -13 flag = 13 temp_sign =  1
a = 63 b = 15 a_times_b = -13 temp_result = -14 flag = 14 temp_sign =  1
a = 63 b = 15 a_times_b = -13 temp_result = -14 flag = 14 temp_sign =  1
a = 63 b = 15 a_times_b = -14 temp_result = -15 flag = 15 temp_sign =  1
a = 63 b = 15 a_times_b = -14 temp_result = -15 flag = 15 temp_sign =  1
a = 63 b = 15 a_times_b = -15 temp_result = -16 flag = 16 temp_sign =  1
a = 63 b = 15 a_times_b = -15 temp_result = -16 flag = 16 temp_sign =  1
a = 63 b = 15 a_times_b = -15 temp_result =  0 flag =  0 temp_sign =  0
a = 63 b = 15 a_times_b = -15 temp_result =  0 flag =  0 temp_sign =  0
a = 63 b = 15 a_times_b =  0 temp_result = -1 flag =  1 temp_sign =  1
a = 63 b = 15 a_times_b =  0 temp_result = -1 flag =  1 temp_sign =  1
a = 63 b = 15 a_times_b = -1 temp_result = -2 flag =  2 temp_sign =  1
a = 63 b = 15 a_times_b = -1 temp_result = -2 flag =  2 temp_sign =  1
a = 63 b = 15 a_times_b = -2 temp_result = -3 flag =  3 temp_sign =  1
a = 63 b = 15 a_times_b = -2 temp_result = -3 flag =  3 temp_sign =  1
a = 63 b = 15 a_times_b = -3 temp_result = -4 flag =  4 temp_sign =  1
a = 63 b = 15 a_times_b = -3 temp_result = -4 flag =  4 temp_sign =  1
a = 63 b = 15 a_times_b = -4 temp_result = -5 flag =  5 temp_sign =  1
a = 63 b = 15 a_times_b = -4 temp_result = -5 flag =  5 temp_sign =  1
a = 63 b = 20 a_times_b = -5 temp_result = -6 flag =  6 temp_sign =  1
a = 63 b = 20 a_times_b = -5 temp_result = -6 flag =  6 temp_sign =  1
a = 63 b = 20 a_times_b = -6 temp_result = -7 flag =  7 temp_sign =  1
a = 63 b = 20 a_times_b = -6 temp_result = -7 flag =  7 temp_sign =  1
a = 63 b = 20 a_times_b = -7 temp_result = -8 flag =  8 temp_sign =  1
a = 63 b = 20 a_times_b = -7 temp_result = -8 flag =  8 temp_sign =  1
a = 63 b = 20 a_times_b = -8 temp_result = -9 flag =  9 temp_sign =  1
a = 63 b = 20 a_times_b = -8 temp_result = -9 flag =  9 temp_sign =  1
a = 63 b = 20 a_times_b = -9 temp_result = -10 flag = 10 temp_sign =  1
a = 63 b = 20 a_times_b = -9 temp_result = -10 flag = 10 temp_sign =  1
a = 63 b = 20 a_times_b = -10 temp_result = -11 flag = 11 temp_sign =  1
a = 63 b = 20 a_times_b = -10 temp_result = -11 flag = 11 temp_sign =  1
a = 63 b = 20 a_times_b = -11 temp_result = -12 flag = 12 temp_sign =  1
a = 63 b = 20 a_times_b = -11 temp_result = -12 flag = 12 temp_sign =  1
a = 63 b = 20 a_times_b = -12 temp_result = -13 flag = 13 temp_sign =  1
a = 63 b = 20 a_times_b = -12 temp_result = -13 flag = 13 temp_sign =  1
a = 63 b = 20 a_times_b = -13 temp_result = -14 flag = 14 temp_sign =  1
a = 63 b = 20 a_times_b = -13 temp_result = -14 flag = 14 temp_sign =  1
a = 63 b = 20 a_times_b = -14 temp_result = -15 flag = 15 temp_sign =  1
a = 63 b = 20 a_times_b = -14 temp_result = -15 flag = 15 temp_sign =  1
a = 63 b = 20 a_times_b = -15 temp_result = -16 flag = 16 temp_sign =  1
a = 63 b = 20 a_times_b = -15 temp_result = -16 flag = 16 temp_sign =  1
a = 63 b = 20 a_times_b = -16 temp_result = -17 flag = 17 temp_sign =  1
a = 63 b = 20 a_times_b = -16 temp_result = -17 flag = 17 temp_sign =  1
a = 63 b = 20 a_times_b = -17 temp_result = -18 flag = 18 temp_sign =  1
a = 63 b = 20 a_times_b = -17 temp_result = -18 flag = 18 temp_sign =  1
a = 63 b = 20 a_times_b = -18 temp_result = -19 flag = 19 temp_sign =  1
a = 63 b = 20 a_times_b = -18 temp_result = -19 flag = 19 temp_sign =  1
a = 63 b = 20 a_times_b = -19 temp_result = -20 flag = 20 temp_sign =  1
a = 63 b = 20 a_times_b = -19 temp_result = -20 flag = 20 temp_sign =  1
a = 63 b = 20 a_times_b = -20 temp_result = -21 flag = 21 temp_sign =  1
a = 63 b = 20 a_times_b = -20 temp_result = -21 flag = 21 temp_sign =  1
a = 63 b = 20 a_times_b = -20 temp_result =  0 flag =  0 temp_sign =  0
a = 63 b = 20 a_times_b = -20 temp_result =  0 flag =  0 temp_sign =  0
a = 63 b = 20 a_times_b =  0 temp_result = -1 flag =  1 temp_sign =  1
a = 63 b = 20 a_times_b =  0 temp_result = -1 flag =  1 temp_sign =  1
a = 63 b = 20 a_times_b = -1 temp_result = -2 flag =  2 temp_sign =  1
a = 63 b = 20 a_times_b = -1 temp_result = -2 flag =  2 temp_sign =  1
a = 63 b = 20 a_times_b = -2 temp_result = -3 flag =  3 temp_sign =  1
a = 63 b = 20 a_times_b = -2 temp_result = -3 flag =  3 temp_sign =  1
a = 63 b = 20 a_times_b = -3 temp_result = -4 flag =  4 temp_sign =  1
a = 63 b = 20 a_times_b = -3 temp_result = -4 flag =  4 temp_sign =  1
a = 63 b = 20 a_times_b = -4 temp_result = -5 flag =  5 temp_sign =  1
a = 63 b = 20 a_times_b = -4 temp_result = -5 flag =  5 temp_sign =  1
a = 63 b = 20 a_times_b = -5 temp_result = -6 flag =  6 temp_sign =  1
a = 63 b = 20 a_times_b = -5 temp_result = -6 flag =  6 temp_sign =  1
a = 63 b = 20 a_times_b = -6 temp_result = -7 flag =  7 temp_sign =  1
a = 63 b = 20 a_times_b = -6 temp_result = -7 flag =  7 temp_sign =  1
a = 63 b = 20 a_times_b = -7 temp_result = -8 flag =  8 temp_sign =  1
a = 63 b = 20 a_times_b = -7 temp_result = -8 flag =  8 temp_sign =  1
a = 63 b = 20 a_times_b = -8 temp_result = -9 flag =  9 temp_sign =  1
a = 63 b = 20 a_times_b = -8 temp_result = -9 flag =  9 temp_sign =  1
a = 63 b = 20 a_times_b = -9 temp_result = -10 flag = 10 temp_sign =  1
a = 63 b = 20 a_times_b = -9 temp_result = -10 flag = 10 temp_sign =  1
a = 63 b = 20 a_times_b = -10 temp_result = -11 flag = 11 temp_sign =  1
a = 63 b = 20 a_times_b = -10 temp_result = -11 flag = 11 temp_sign =  1
a = 63 b = 20 a_times_b = -11 temp_result = -12 flag = 12 temp_sign =  1
a = 63 b = 20 a_times_b = -11 temp_result = -12 flag = 12 temp_sign =  1
a = 63 b = 20 a_times_b = -12 temp_result = -13 flag = 13 temp_sign =  1
a = 63 b = 20 a_times_b = -12 temp_result = -13 flag = 13 temp_sign =  1
a = 63 b = 20 a_times_b = -13 temp_result = -14 flag = 14 temp_sign =  1
a = 63 b = 20 a_times_b = -13 temp_result = -14 flag = 14 temp_sign =  1
a = 63 b = 20 a_times_b = -14 temp_result = -15 flag = 15 temp_sign =  1
a = 63 b = 20 a_times_b = -14 temp_result = -15 flag = 15 temp_sign =  1
a = 63 b = 20 a_times_b = -15 temp_result = -16 flag = 16 temp_sign =  1
a = 63 b = 20 a_times_b = -15 temp_result = -16 flag = 16 temp_sign =  1
a = 63 b = 20 a_times_b = -16 temp_result = -17 flag = 17 temp_sign =  1
a = 63 b = 20 a_times_b = -16 temp_result = -17 flag = 17 temp_sign =  1
a = 63 b = 20 a_times_b = -17 temp_result = -18 flag = 18 temp_sign =  1
a = 63 b = 20 a_times_b = -17 temp_result = -18 flag = 18 temp_sign =  1
a = 63 b = 20 a_times_b = -18 temp_result = -19 flag = 19 temp_sign =  1
a = 63 b = 20 a_times_b = -18 temp_result = -19 flag = 19 temp_sign =  1
a = 63 b = 20 a_times_b = -19 temp_result = -20 flag = 20 temp_sign =  1
a = 63 b = 20 a_times_b = -19 temp_result = -20 flag = 20 temp_sign =  1
a = 63 b = 20 a_times_b = -20 temp_result = -21 flag = 21 temp_sign =  1
a = 63 b = 20 a_times_b = -20 temp_result = -21 flag = 21 temp_sign =  1
a = 63 b = 20 a_times_b = -20 temp_result =  0 flag =  0 temp_sign =  0
a = 63 b = 20 a_times_b = -20 temp_result =  0 flag =  0 temp_sign =  0
a = 63 b = 20 a_times_b =  0 temp_result = -1 flag =  1 temp_sign =  1
a = 63 b = 20 a_times_b =  0 temp_result = -1 flag =  1 temp_sign =  1
a = 63 b = 25 a_times_b = -1 temp_result = -2 flag =  2 temp_sign =  1
a = 63 b = 25 a_times_b = -1 temp_result = -2 flag =  2 temp_sign =  1
a = 63 b = 25 a_times_b = -2 temp_result = -3 flag =  3 temp_sign =  1
a = 63 b = 25 a_times_b = -2 temp_result = -3 flag =  3 temp_sign =  1
a = 63 b = 25 a_times_b = -3 temp_result = -4 flag =  4 temp_sign =  1
a = 63 b = 25 a_times_b = -3 temp_result = -4 flag =  4 temp_sign =  1
a = 63 b = 25 a_times_b = -4 temp_result = -5 flag =  5 temp_sign =  1
a = 63 b = 25 a_times_b = -4 temp_result = -5 flag =  5 temp_sign =  1
a = 63 b = 25 a_times_b = -5 temp_result = -6 flag =  6 temp_sign =  1
a = 63 b = 25 a_times_b = -5 temp_result = -6 flag =  6 temp_sign =  1
a = 63 b = 25 a_times_b = -6 temp_result = -7 flag =  7 temp_sign =  1
a = 63 b = 25 a_times_b = -6 temp_result = -7 flag =  7 temp_sign =  1
a = 63 b = 25 a_times_b = -7 temp_result = -8 flag =  8 temp_sign =  1
a = 63 b = 25 a_times_b = -7 temp_result = -8 flag =  8 temp_sign =  1
a = 63 b = 25 a_times_b = -8 temp_result = -9 flag =  9 temp_sign =  1
a = 63 b = 25 a_times_b = -8 temp_result = -9 flag =  9 temp_sign =  1
a = 63 b = 25 a_times_b = -9 temp_result = -10 flag = 10 temp_sign =  1
a = 63 b = 25 a_times_b = -9 temp_result = -10 flag = 10 temp_sign =  1
a = 63 b = 25 a_times_b = -10 temp_result = -11 flag = 11 temp_sign =  1
a = 63 b = 25 a_times_b = -10 temp_result = -11 flag = 11 temp_sign =  1
a = 63 b = 25 a_times_b = -11 temp_result = -12 flag = 12 temp_sign =  1
a = 63 b = 25 a_times_b = -11 temp_result = -12 flag = 12 temp_sign =  1
a = 63 b = 25 a_times_b = -12 temp_result = -13 flag = 13 temp_sign =  1
a = 63 b = 25 a_times_b = -12 temp_result = -13 flag = 13 temp_sign =  1
a = 63 b = 25 a_times_b = -13 temp_result = -14 flag = 14 temp_sign =  1
a = 63 b = 25 a_times_b = -13 temp_result = -14 flag = 14 temp_sign =  1
a = 63 b = 25 a_times_b = -14 temp_result = -15 flag = 15 temp_sign =  1
a = 63 b = 25 a_times_b = -14 temp_result = -15 flag = 15 temp_sign =  1
a = 63 b = 25 a_times_b = -15 temp_result = -16 flag = 16 temp_sign =  1
a = 63 b = 25 a_times_b = -15 temp_result = -16 flag = 16 temp_sign =  1
a = 63 b = 25 a_times_b = -16 temp_result = -17 flag = 17 temp_sign =  1
a = 63 b = 25 a_times_b = -16 temp_result = -17 flag = 17 temp_sign =  1
a = 63 b = 25 a_times_b = -17 temp_result = -18 flag = 18 temp_sign =  1
a = 63 b = 25 a_times_b = -17 temp_result = -18 flag = 18 temp_sign =  1
a = 63 b = 25 a_times_b = -18 temp_result = -19 flag = 19 temp_sign =  1
a = 63 b = 25 a_times_b = -18 temp_result = -19 flag = 19 temp_sign =  1
a = 63 b = 25 a_times_b = -19 temp_result = -20 flag = 20 temp_sign =  1
a = 63 b = 25 a_times_b = -19 temp_result = -20 flag = 20 temp_sign =  1
a = 63 b = 25 a_times_b = -20 temp_result = -21 flag = 21 temp_sign =  1
a = 63 b = 25 a_times_b = -20 temp_result = -21 flag = 21 temp_sign =  1
a = 63 b = 25 a_times_b = -21 temp_result = -22 flag = 22 temp_sign =  1
a = 63 b = 25 a_times_b = -21 temp_result = -22 flag = 22 temp_sign =  1
a = 63 b = 25 a_times_b = -22 temp_result = -23 flag = 23 temp_sign =  1
a = 63 b = 25 a_times_b = -22 temp_result = -23 flag = 23 temp_sign =  1
a = 63 b = 25 a_times_b = -23 temp_result = -24 flag = 24 temp_sign =  1
a = 63 b = 25 a_times_b = -23 temp_result = -24 flag = 24 temp_sign =  1
a = 63 b = 25 a_times_b = -24 temp_result = -25 flag = 25 temp_sign =  1
a = 63 b = 25 a_times_b = -24 temp_result = -25 flag = 25 temp_sign =  1
a = 63 b = 25 a_times_b = -25 temp_result = -26 flag = 26 temp_sign =  1
a = 63 b = 25 a_times_b = -25 temp_result = -26 flag = 26 temp_sign =  1
a = 63 b = 25 a_times_b = -25 temp_result =  0 flag =  0 temp_sign =  0
a = 63 b = 25 a_times_b = -25 temp_result =  0 flag =  0 temp_sign =  0
a = 63 b = 25 a_times_b =  0 temp_result = -1 flag =  1 temp_sign =  1
a = 63 b = 25 a_times_b =  0 temp_result = -1 flag =  1 temp_sign =  1
a = 63 b = 25 a_times_b = -1 temp_result = -2 flag =  2 temp_sign =  1
a = 63 b = 25 a_times_b = -1 temp_result = -2 flag =  2 temp_sign =  1
a = 63 b = 25 a_times_b = -2 temp_result = -3 flag =  3 temp_sign =  1
a = 63 b = 25 a_times_b = -2 temp_result = -3 flag =  3 temp_sign =  1
a = 63 b = 25 a_times_b = -3 temp_result = -4 flag =  4 temp_sign =  1
a = 63 b = 25 a_times_b = -3 temp_result = -4 flag =  4 temp_sign =  1
a = 63 b = 25 a_times_b = -4 temp_result = -5 flag =  5 temp_sign =  1
a = 63 b = 25 a_times_b = -4 temp_result = -5 flag =  5 temp_sign =  1
a = 63 b = 25 a_times_b = -5 temp_result = -6 flag =  6 temp_sign =  1
a = 63 b = 25 a_times_b = -5 temp_result = -6 flag =  6 temp_sign =  1
a = 63 b = 25 a_times_b = -6 temp_result = -7 flag =  7 temp_sign =  1
a = 63 b = 25 a_times_b = -6 temp_result = -7 flag =  7 temp_sign =  1
a = 63 b = 25 a_times_b = -7 temp_result = -8 flag =  8 temp_sign =  1
a = 63 b = 25 a_times_b = -7 temp_result = -8 flag =  8 temp_sign =  1
a = 63 b = 25 a_times_b = -8 temp_result = -9 flag =  9 temp_sign =  1
a = 63 b = 25 a_times_b = -8 temp_result = -9 flag =  9 temp_sign =  1
a = 63 b = 25 a_times_b = -9 temp_result = -10 flag = 10 temp_sign =  1
a = 63 b = 25 a_times_b = -9 temp_result = -10 flag = 10 temp_sign =  1
a = 63 b = 25 a_times_b = -10 temp_result = -11 flag = 11 temp_sign =  1
a = 63 b = 25 a_times_b = -10 temp_result = -11 flag = 11 temp_sign =  1
a = 63 b = 25 a_times_b = -11 temp_result = -12 flag = 12 temp_sign =  1
a = 63 b = 25 a_times_b = -11 temp_result = -12 flag = 12 temp_sign =  1
a = 63 b = 25 a_times_b = -12 temp_result = -13 flag = 13 temp_sign =  1
a = 63 b = 25 a_times_b = -12 temp_result = -13 flag = 13 temp_sign =  1
a = 63 b = 25 a_times_b = -13 temp_result = -14 flag = 14 temp_sign =  1
a = 63 b = 25 a_times_b = -13 temp_result = -14 flag = 14 temp_sign =  1
a = 63 b = 25 a_times_b = -14 temp_result = -15 flag = 15 temp_sign =  1
a = 63 b = 25 a_times_b = -14 temp_result = -15 flag = 15 temp_sign =  1
a = 63 b = 25 a_times_b = -15 temp_result = -16 flag = 16 temp_sign =  1
a = 63 b = 25 a_times_b = -15 temp_result = -16 flag = 16 temp_sign =  1
a = 63 b = 25 a_times_b = -16 temp_result = -17 flag = 17 temp_sign =  1
a = 63 b = 25 a_times_b = -16 temp_result = -17 flag = 17 temp_sign =  1
a = 63 b = 25 a_times_b = -17 temp_result = -18 flag = 18 temp_sign =  1
a = 63 b = 25 a_times_b = -17 temp_result = -18 flag = 18 temp_sign =  1
a = 63 b = 25 a_times_b = -18 temp_result = -19 flag = 19 temp_sign =  1
a = 63 b = 25 a_times_b = -18 temp_result = -19 flag = 19 temp_sign =  1
a = 63 b = 25 a_times_b = -19 temp_result = -20 flag = 20 temp_sign =  1
a = 63 b = 25 a_times_b = -19 temp_result = -20 flag = 20 temp_sign =  1
a = 63 b = 25 a_times_b = -20 temp_result = -21 flag = 21 temp_sign =  1
a = 63 b = 25 a_times_b = -20 temp_result = -21 flag = 21 temp_sign =  1
a = 63 b = 25 a_times_b = -21 temp_result = -22 flag = 22 temp_sign =  1
a = 63 b = 25 a_times_b = -21 temp_result = -22 flag = 22 temp_sign =  1
a = 63 b = 25 a_times_b = -22 temp_result = -23 flag = 23 temp_sign =  1
a = 63 b = 25 a_times_b = -22 temp_result = -23 flag = 23 temp_sign =  1
a = 63 b = 25 a_times_b = -23 temp_result = -24 flag = 24 temp_sign =  1
a = 63 b = 25 a_times_b = -23 temp_result = -24 flag = 24 temp_sign =  1
a = 63 b = 30 a_times_b = -24 temp_result = -25 flag = 25 temp_sign =  1
a = 63 b = 30 a_times_b = -24 temp_result = -25 flag = 25 temp_sign =  1
a = 63 b = 30 a_times_b = -25 temp_result = -26 flag = 26 temp_sign =  1
a = 63 b = 30 a_times_b = -25 temp_result = -26 flag = 26 temp_sign =  1
a = 63 b = 30 a_times_b = -26 temp_result = -27 flag = 27 temp_sign =  1
a = 63 b = 30 a_times_b = -26 temp_result = -27 flag = 27 temp_sign =  1
a = 63 b = 30 a_times_b = -27 temp_result = -28 flag = 28 temp_sign =  1
a = 63 b = 30 a_times_b = -27 temp_result = -28 flag = 28 temp_sign =  1
a = 63 b = 30 a_times_b = -28 temp_result = -29 flag = 29 temp_sign =  1
a = 63 b = 30 a_times_b = -28 temp_result = -29 flag = 29 temp_sign =  1
a = 63 b = 30 a_times_b = -29 temp_result = -30 flag = 30 temp_sign =  1
a = 63 b = 30 a_times_b = -29 temp_result = -30 flag = 30 temp_sign =  1
a = 63 b = 30 a_times_b = -30 temp_result = -31 flag = 31 temp_sign =  1
a = 63 b = 30 a_times_b = -30 temp_result = -31 flag = 31 temp_sign =  1
a = 63 b = 30 a_times_b = -30 temp_result =  0 flag =  0 temp_sign =  0
a = 63 b = 30 a_times_b = -30 temp_result =  0 flag =  0 temp_sign =  0
a = 63 b = 30 a_times_b =  0 temp_result = -1 flag =  1 temp_sign =  1
a = 63 b = 30 a_times_b =  0 temp_result = -1 flag =  1 temp_sign =  1
a = 63 b = 30 a_times_b = -1 temp_result = -2 flag =  2 temp_sign =  1
a = 63 b = 30 a_times_b = -1 temp_result = -2 flag =  2 temp_sign =  1
a = 63 b = 30 a_times_b = -2 temp_result = -3 flag =  3 temp_sign =  1
a = 63 b = 30 a_times_b = -2 temp_result = -3 flag =  3 temp_sign =  1
a = 63 b = 30 a_times_b = -3 temp_result = -4 flag =  4 temp_sign =  1
a = 63 b = 30 a_times_b = -3 temp_result = -4 flag =  4 temp_sign =  1
a = 63 b = 30 a_times_b = -4 temp_result = -5 flag =  5 temp_sign =  1
a = 63 b = 30 a_times_b = -4 temp_result = -5 flag =  5 temp_sign =  1
a = 63 b = 30 a_times_b = -5 temp_result = -6 flag =  6 temp_sign =  1
a = 63 b = 30 a_times_b = -5 temp_result = -6 flag =  6 temp_sign =  1
a = 63 b = 30 a_times_b = -6 temp_result = -7 flag =  7 temp_sign =  1
a = 63 b = 30 a_times_b = -6 temp_result = -7 flag =  7 temp_sign =  1
a = 63 b = 30 a_times_b = -7 temp_result = -8 flag =  8 temp_sign =  1
a = 63 b = 30 a_times_b = -7 temp_result = -8 flag =  8 temp_sign =  1
a = 63 b = 30 a_times_b = -8 temp_result = -9 flag =  9 temp_sign =  1
a = 63 b = 30 a_times_b = -8 temp_result = -9 flag =  9 temp_sign =  1
a = 63 b = 30 a_times_b = -9 temp_result = -10 flag = 10 temp_sign =  1
a = 63 b = 30 a_times_b = -9 temp_result = -10 flag = 10 temp_sign =  1
a = 63 b = 30 a_times_b = -10 temp_result = -11 flag = 11 temp_sign =  1
a = 63 b = 30 a_times_b = -10 temp_result = -11 flag = 11 temp_sign =  1
a = 63 b = 30 a_times_b = -11 temp_result = -12 flag = 12 temp_sign =  1
a = 63 b = 30 a_times_b = -11 temp_result = -12 flag = 12 temp_sign =  1
a = 63 b = 30 a_times_b = -12 temp_result = -13 flag = 13 temp_sign =  1
a = 63 b = 30 a_times_b = -12 temp_result = -13 flag = 13 temp_sign =  1
a = 63 b = 30 a_times_b = -13 temp_result = -14 flag = 14 temp_sign =  1
a = 63 b = 30 a_times_b = -13 temp_result = -14 flag = 14 temp_sign =  1
a = 63 b = 30 a_times_b = -14 temp_result = -15 flag = 15 temp_sign =  1
a = 63 b = 30 a_times_b = -14 temp_result = -15 flag = 15 temp_sign =  1
a = 63 b = 30 a_times_b = -15 temp_result = -16 flag = 16 temp_sign =  1
a = 63 b = 30 a_times_b = -15 temp_result = -16 flag = 16 temp_sign =  1
a = 63 b = 30 a_times_b = -16 temp_result = -17 flag = 17 temp_sign =  1
a = 63 b = 30 a_times_b = -16 temp_result = -17 flag = 17 temp_sign =  1
a = 63 b = 30 a_times_b = -17 temp_result = -18 flag = 18 temp_sign =  1
a = 63 b = 30 a_times_b = -17 temp_result = -18 flag = 18 temp_sign =  1
a = 63 b = 30 a_times_b = -18 temp_result = -19 flag = 19 temp_sign =  1
a = 63 b = 30 a_times_b = -18 temp_result = -19 flag = 19 temp_sign =  1
a = 63 b = 30 a_times_b = -19 temp_result = -20 flag = 20 temp_sign =  1
a = 63 b = 30 a_times_b = -19 temp_result = -20 flag = 20 temp_sign =  1
a = 63 b = 30 a_times_b = -20 temp_result = -21 flag = 21 temp_sign =  1
a = 63 b = 30 a_times_b = -20 temp_result = -21 flag = 21 temp_sign =  1
a = 63 b = 30 a_times_b = -21 temp_result = -22 flag = 22 temp_sign =  1
a = 63 b = 30 a_times_b = -21 temp_result = -22 flag = 22 temp_sign =  1
a = 63 b = 30 a_times_b = -22 temp_result = -23 flag = 23 temp_sign =  1
a = 63 b = 30 a_times_b = -22 temp_result = -23 flag = 23 temp_sign =  1
a = 63 b = 30 a_times_b = -23 temp_result = -24 flag = 24 temp_sign =  1
a = 63 b = 30 a_times_b = -23 temp_result = -24 flag = 24 temp_sign =  1
a = 63 b = 30 a_times_b = -24 temp_result = -25 flag = 25 temp_sign =  1
a = 63 b = 30 a_times_b = -24 temp_result = -25 flag = 25 temp_sign =  1
a = 63 b = 30 a_times_b = -25 temp_result = -26 flag = 26 temp_sign =  1
a = 63 b = 30 a_times_b = -25 temp_result = -26 flag = 26 temp_sign =  1
a = 63 b = 30 a_times_b = -26 temp_result = -27 flag = 27 temp_sign =  1
a = 63 b = 30 a_times_b = -26 temp_result = -27 flag = 27 temp_sign =  1
a = 63 b = 30 a_times_b = -27 temp_result = -28 flag = 28 temp_sign =  1
a = 63 b = 30 a_times_b = -27 temp_result = -28 flag = 28 temp_sign =  1
a = 63 b = 30 a_times_b = -28 temp_result = -29 flag = 29 temp_sign =  1
a = 63 b = 30 a_times_b = -28 temp_result = -29 flag = 29 temp_sign =  1
a = 63 b = 30 a_times_b = -29 temp_result = -30 flag = 30 temp_sign =  1
a = 63 b = 30 a_times_b = -29 temp_result = -30 flag = 30 temp_sign =  1
a = 63 b = 30 a_times_b = -30 temp_result = -31 flag = 31 temp_sign =  1
a = 63 b = 30 a_times_b = -30 temp_result = -31 flag = 31 temp_sign =  1
a = 63 b = 30 a_times_b = -30 temp_result =  0 flag =  0 temp_sign =  0
a = 63 b = 30 a_times_b = -30 temp_result =  0 flag =  0 temp_sign =  0
a = 63 b = 30 a_times_b =  0 temp_result = -1 flag =  1 temp_sign =  1
a = 63 b = 30 a_times_b =  0 temp_result = -1 flag =  1 temp_sign =  1
a = 63 b = 30 a_times_b = -1 temp_result = -2 flag =  2 temp_sign =  1
a = 63 b = 30 a_times_b = -1 temp_result = -2 flag =  2 temp_sign =  1
a = 63 b = 30 a_times_b = -2 temp_result = -3 flag =  3 temp_sign =  1
a = 63 b = 30 a_times_b = -2 temp_result = -3 flag =  3 temp_sign =  1
a = 63 b = 30 a_times_b = -3 temp_result = -4 flag =  4 temp_sign =  1
a = 63 b = 30 a_times_b = -3 temp_result = -4 flag =  4 temp_sign =  1
a = 63 b = 30 a_times_b = -4 temp_result = -5 flag =  5 temp_sign =  1
a = 63 b = 30 a_times_b = -4 temp_result = -5 flag =  5 temp_sign =  1
a = 63 b = 30 a_times_b = -5 temp_result = -6 flag =  6 temp_sign =  1
a = 63 b = 30 a_times_b = -5 temp_result = -6 flag =  6 temp_sign =  1
a = 63 b = 30 a_times_b = -6 temp_result = -7 flag =  7 temp_sign =  1
a = 63 b = 30 a_times_b = -6 temp_result = -7 flag =  7 temp_sign =  1
a = 63 b = 30 a_times_b = -7 temp_result = -8 flag =  8 temp_sign =  1
a = 63 b = 30 a_times_b = -7 temp_result = -8 flag =  8 temp_sign =  1
a = 63 b = 30 a_times_b = -8 temp_result = -9 flag =  9 temp_sign =  1
a = 63 b = 30 a_times_b = -8 temp_result = -9 flag =  9 temp_sign =  1
a = 63 b = 30 a_times_b = -9 temp_result = -10 flag = 10 temp_sign =  1
a = 63 b = 30 a_times_b = -9 temp_result = -10 flag = 10 temp_sign =  1
a = 63 b = 30 a_times_b = -10 temp_result = -11 flag = 11 temp_sign =  1
a = 63 b = 30 a_times_b = -10 temp_result = -11 flag = 11 temp_sign =  1
a = 63 b = 30 a_times_b = -11 temp_result = -12 flag = 12 temp_sign =  1
a = 63 b = 30 a_times_b = -11 temp_result = -12 flag = 12 temp_sign =  1
a = 63 b = 30 a_times_b = -12 temp_result = -13 flag = 13 temp_sign =  1
a = 63 b = 30 a_times_b = -12 temp_result = -13 flag = 13 temp_sign =  1
a = 63 b = 30 a_times_b = -13 temp_result = -14 flag = 14 temp_sign =  1
a = 63 b = 30 a_times_b = -13 temp_result = -14 flag = 14 temp_sign =  1
a = 63 b = 30 a_times_b = -14 temp_result = -15 flag = 15 temp_sign =  1
a = 63 b = 30 a_times_b = -14 temp_result = -15 flag = 15 temp_sign =  1
a = 63 b = 30 a_times_b = -15 temp_result = -16 flag = 16 temp_sign =  1
a = 63 b = 30 a_times_b = -15 temp_result = -16 flag = 16 temp_sign =  1
a = 63 b = 30 a_times_b = -16 temp_result = -17 flag = 17 temp_sign =  1
a = 63 b = 30 a_times_b = -16 temp_result = -17 flag = 17 temp_sign =  1
a = 63 b = 30 a_times_b = -17 temp_result = -18 flag = 18 temp_sign =  1
a = 63 b = 30 a_times_b = -17 temp_result = -18 flag = 18 temp_sign =  1
a = 63 b = 30 a_times_b = -18 temp_result = -19 flag = 19 temp_sign =  1
a = 63 b = 30 a_times_b = -18 temp_result = -19 flag = 19 temp_sign =  1
a = 63 b = 30 a_times_b = -19 temp_result = -20 flag = 20 temp_sign =  1
a = 63 b = 30 a_times_b = -19 temp_result = -20 flag = 20 temp_sign =  1
a =  2 b =  5 a_times_b = -20 temp_result = -21 flag = 21 temp_sign =  1
a =  2 b =  5 a_times_b = -20 temp_result = -21 flag = 21 temp_sign =  1
a =  2 b =  5 a_times_b = -20 temp_result =  0 flag =  0 temp_sign =  0
a =  2 b =  5 a_times_b = -20 temp_result =  0 flag =  0 temp_sign =  0
a =  2 b =  5 a_times_b =  0 temp_result = -1 flag =  1 temp_sign =  1
a =  2 b =  5 a_times_b =  0 temp_result = -1 flag =  1 temp_sign =  1
a =  2 b =  5 a_times_b = -1 temp_result =  1 flag =  2 temp_sign =  0
a =  2 b =  5 a_times_b = -1 temp_result =  1 flag =  2 temp_sign =  0
a =  2 b =  5 a_times_b =  1 temp_result =  3 flag =  3 temp_sign =  0
a =  2 b =  5 a_times_b =  1 temp_result =  3 flag =  3 temp_sign =  0
a =  2 b =  5 a_times_b =  3 temp_result =  5 flag =  4 temp_sign =  0
a =  2 b =  5 a_times_b =  3 temp_result =  5 flag =  4 temp_sign =  0
a =  2 b =  5 a_times_b =  5 temp_result =  7 flag =  5 temp_sign =  0
a =  2 b =  5 a_times_b =  5 temp_result =  7 flag =  5 temp_sign =  0
a =  2 b =  5 a_times_b =  7 temp_result =  9 flag =  6 temp_sign =  0
a =  2 b =  5 a_times_b =  7 temp_result =  9 flag =  6 temp_sign =  0
a =  2 b =  5 a_times_b =  7 temp_result =  0 flag =  0 temp_sign =  0
a =  2 b =  5 a_times_b =  7 temp_result =  0 flag =  0 temp_sign =  0
a =  2 b =  5 a_times_b =  0 temp_result =  2 flag =  1 temp_sign =  0
a =  2 b =  5 a_times_b =  0 temp_result =  2 flag =  1 temp_sign =  0
a =  2 b = 10 a_times_b =  2 temp_result =  4 flag =  2 temp_sign =  0
a =  2 b = 10 a_times_b =  2 temp_result =  4 flag =  2 temp_sign =  0
a =  2 b = 10 a_times_b =  4 temp_result =  6 flag =  3 temp_sign =  0
a =  2 b = 10 a_times_b =  4 temp_result =  6 flag =  3 temp_sign =  0
a =  2 b = 10 a_times_b =  6 temp_result =  8 flag =  4 temp_sign =  0
a =  2 b = 10 a_times_b =  6 temp_result =  8 flag =  4 temp_sign =  0
a =  2 b = 10 a_times_b =  8 temp_result = 10 flag =  5 temp_sign =  0
a =  2 b = 10 a_times_b =  8 temp_result = 10 flag =  5 temp_sign =  0
a =  2 b = 10 a_times_b = 10 temp_result = 12 flag =  6 temp_sign =  0
a =  2 b = 10 a_times_b = 10 temp_result = 12 flag =  6 temp_sign =  0
a =  2 b = 10 a_times_b = 12 temp_result = 14 flag =  7 temp_sign =  0
a =  2 b = 10 a_times_b = 12 temp_result = 14 flag =  7 temp_sign =  0
a =  2 b = 10 a_times_b = 14 temp_result = 16 flag =  8 temp_sign =  0
a =  2 b = 10 a_times_b = 14 temp_result = 16 flag =  8 temp_sign =  0
a =  2 b = 10 a_times_b = 16 temp_result = 18 flag =  9 temp_sign =  0
a =  2 b = 10 a_times_b = 16 temp_result = 18 flag =  9 temp_sign =  0
a =  2 b = 10 a_times_b = 18 temp_result = 20 flag = 10 temp_sign =  0
a =  2 b = 10 a_times_b = 18 temp_result = 20 flag = 10 temp_sign =  0
a =  2 b = 10 a_times_b = 20 temp_result = 22 flag = 11 temp_sign =  0
a =  2 b = 10 a_times_b = 20 temp_result = 22 flag = 11 temp_sign =  0
a =  2 b = 10 a_times_b = 20 temp_result =  0 flag =  0 temp_sign =  0
a =  2 b = 10 a_times_b = 20 temp_result =  0 flag =  0 temp_sign =  0
a =  2 b = 10 a_times_b =  0 temp_result =  2 flag =  1 temp_sign =  0
a =  2 b = 10 a_times_b =  0 temp_result =  2 flag =  1 temp_sign =  0
a =  2 b = 10 a_times_b =  2 temp_result =  4 flag =  2 temp_sign =  0
a =  2 b = 10 a_times_b =  2 temp_result =  4 flag =  2 temp_sign =  0
a =  2 b = 10 a_times_b =  4 temp_result =  6 flag =  3 temp_sign =  0
a =  2 b = 10 a_times_b =  4 temp_result =  6 flag =  3 temp_sign =  0
a =  2 b = 10 a_times_b =  6 temp_result =  8 flag =  4 temp_sign =  0
a =  2 b = 10 a_times_b =  6 temp_result =  8 flag =  4 temp_sign =  0
a =  2 b = 10 a_times_b =  8 temp_result = 10 flag =  5 temp_sign =  0
a =  2 b = 10 a_times_b =  8 temp_result = 10 flag =  5 temp_sign =  0
a =  2 b = 10 a_times_b = 10 temp_result = 12 flag =  6 temp_sign =  0
a =  2 b = 10 a_times_b = 10 temp_result = 12 flag =  6 temp_sign =  0
a =  2 b = 10 a_times_b = 12 temp_result = 14 flag =  7 temp_sign =  0
a =  2 b = 10 a_times_b = 12 temp_result = 14 flag =  7 temp_sign =  0
a =  2 b = 10 a_times_b = 14 temp_result = 16 flag =  8 temp_sign =  0
a =  2 b = 10 a_times_b = 14 temp_result = 16 flag =  8 temp_sign =  0
a =  2 b = 10 a_times_b = 16 temp_result = 18 flag =  9 temp_sign =  0
a =  2 b = 10 a_times_b = 16 temp_result = 18 flag =  9 temp_sign =  0
a =  2 b = 15 a_times_b = 18 temp_result = 20 flag = 10 temp_sign =  0
a =  2 b = 15 a_times_b = 18 temp_result = 20 flag = 10 temp_sign =  0
a =  2 b = 15 a_times_b = 20 temp_result = 22 flag = 11 temp_sign =  0
a =  2 b = 15 a_times_b = 20 temp_result = 22 flag = 11 temp_sign =  0
a =  2 b = 15 a_times_b = 22 temp_result = 24 flag = 12 temp_sign =  0
a =  2 b = 15 a_times_b = 22 temp_result = 24 flag = 12 temp_sign =  0
a =  2 b = 15 a_times_b = 24 temp_result = 26 flag = 13 temp_sign =  0
a =  2 b = 15 a_times_b = 24 temp_result = 26 flag = 13 temp_sign =  0
a =  2 b = 15 a_times_b = 26 temp_result = 28 flag = 14 temp_sign =  0
a =  2 b = 15 a_times_b = 26 temp_result = 28 flag = 14 temp_sign =  0
a =  2 b = 15 a_times_b = 28 temp_result = 30 flag = 15 temp_sign =  0
a =  2 b = 15 a_times_b = 28 temp_result = 30 flag = 15 temp_sign =  0
a =  2 b = 15 a_times_b = 30 temp_result = 32 flag = 16 temp_sign =  0
a =  2 b = 15 a_times_b = 30 temp_result = 32 flag = 16 temp_sign =  0
a =  2 b = 15 a_times_b = 30 temp_result =  0 flag =  0 temp_sign =  0
a =  2 b = 15 a_times_b = 30 temp_result =  0 flag =  0 temp_sign =  0
a =  2 b = 15 a_times_b =  0 temp_result =  2 flag =  1 temp_sign =  0
a =  2 b = 15 a_times_b =  0 temp_result =  2 flag =  1 temp_sign =  0
a =  2 b = 15 a_times_b =  2 temp_result =  4 flag =  2 temp_sign =  0
a =  2 b = 15 a_times_b =  2 temp_result =  4 flag =  2 temp_sign =  0
a =  2 b = 15 a_times_b =  4 temp_result =  6 flag =  3 temp_sign =  0
a =  2 b = 15 a_times_b =  4 temp_result =  6 flag =  3 temp_sign =  0
a =  2 b = 15 a_times_b =  6 temp_result =  8 flag =  4 temp_sign =  0
a =  2 b = 15 a_times_b =  6 temp_result =  8 flag =  4 temp_sign =  0
a =  2 b = 15 a_times_b =  8 temp_result = 10 flag =  5 temp_sign =  0
a =  2 b = 15 a_times_b =  8 temp_result = 10 flag =  5 temp_sign =  0
a =  2 b = 15 a_times_b = 10 temp_result = 12 flag =  6 temp_sign =  0
a =  2 b = 15 a_times_b = 10 temp_result = 12 flag =  6 temp_sign =  0
a =  2 b = 15 a_times_b = 12 temp_result = 14 flag =  7 temp_sign =  0
a =  2 b = 15 a_times_b = 12 temp_result = 14 flag =  7 temp_sign =  0
a =  2 b = 15 a_times_b = 14 temp_result = 16 flag =  8 temp_sign =  0
a =  2 b = 15 a_times_b = 14 temp_result = 16 flag =  8 temp_sign =  0
a =  2 b = 15 a_times_b = 16 temp_result = 18 flag =  9 temp_sign =  0
a =  2 b = 15 a_times_b = 16 temp_result = 18 flag =  9 temp_sign =  0
a =  2 b = 15 a_times_b = 18 temp_result = 20 flag = 10 temp_sign =  0
a =  2 b = 15 a_times_b = 18 temp_result = 20 flag = 10 temp_sign =  0
a =  2 b = 15 a_times_b = 20 temp_result = 22 flag = 11 temp_sign =  0
a =  2 b = 15 a_times_b = 20 temp_result = 22 flag = 11 temp_sign =  0
a =  2 b = 15 a_times_b = 22 temp_result = 24 flag = 12 temp_sign =  0
a =  2 b = 15 a_times_b = 22 temp_result = 24 flag = 12 temp_sign =  0
a =  2 b = 15 a_times_b = 24 temp_result = 26 flag = 13 temp_sign =  0
a =  2 b = 15 a_times_b = 24 temp_result = 26 flag = 13 temp_sign =  0
a =  2 b = 15 a_times_b = 26 temp_result = 28 flag = 14 temp_sign =  0
a =  2 b = 15 a_times_b = 26 temp_result = 28 flag = 14 temp_sign =  0
a =  2 b = 15 a_times_b = 28 temp_result = 30 flag = 15 temp_sign =  0
a =  2 b = 15 a_times_b = 28 temp_result = 30 flag = 15 temp_sign =  0
a =  2 b = 15 a_times_b = 30 temp_result = 32 flag = 16 temp_sign =  0
a =  2 b = 15 a_times_b = 30 temp_result = 32 flag = 16 temp_sign =  0
a =  2 b = 15 a_times_b = 30 temp_result =  0 flag =  0 temp_sign =  0
a =  2 b = 15 a_times_b = 30 temp_result =  0 flag =  0 temp_sign =  0
a =  2 b = 15 a_times_b =  0 temp_result =  2 flag =  1 temp_sign =  0
a =  2 b = 15 a_times_b =  0 temp_result =  2 flag =  1 temp_sign =  0
a =  2 b = 15 a_times_b =  2 temp_result =  4 flag =  2 temp_sign =  0
a =  2 b = 15 a_times_b =  2 temp_result =  4 flag =  2 temp_sign =  0
a =  2 b = 15 a_times_b =  4 temp_result =  6 flag =  3 temp_sign =  0
a =  2 b = 15 a_times_b =  4 temp_result =  6 flag =  3 temp_sign =  0
a =  2 b = 15 a_times_b =  6 temp_result =  8 flag =  4 temp_sign =  0
a =  2 b = 15 a_times_b =  6 temp_result =  8 flag =  4 temp_sign =  0
a =  2 b = 15 a_times_b =  8 temp_result = 10 flag =  5 temp_sign =  0
a =  2 b = 15 a_times_b =  8 temp_result = 10 flag =  5 temp_sign =  0
a =  3 b =  5 a_times_b = 10 temp_result = 12 flag =  6 temp_sign =  0
a =  3 b =  5 a_times_b = 10 temp_result = 12 flag =  6 temp_sign =  0
a =  3 b =  5 a_times_b = 10 temp_result =  0 flag =  0 temp_sign =  0
a =  3 b =  5 a_times_b = 10 temp_result =  0 flag =  0 temp_sign =  0
a =  3 b =  5 a_times_b =  0 temp_result =  2 flag =  1 temp_sign =  0
a =  3 b =  5 a_times_b =  0 temp_result =  2 flag =  1 temp_sign =  0
a =  3 b =  5 a_times_b =  2 temp_result =  5 flag =  2 temp_sign =  0
a =  3 b =  5 a_times_b =  2 temp_result =  5 flag =  2 temp_sign =  0
a =  3 b =  5 a_times_b =  5 temp_result =  8 flag =  3 temp_sign =  0
a =  3 b =  5 a_times_b =  5 temp_result =  8 flag =  3 temp_sign =  0
a =  3 b =  5 a_times_b =  8 temp_result = 11 flag =  4 temp_sign =  0
a =  3 b =  5 a_times_b =  8 temp_result = 11 flag =  4 temp_sign =  0
a =  3 b =  5 a_times_b = 11 temp_result = 14 flag =  5 temp_sign =  0
a =  3 b =  5 a_times_b = 11 temp_result = 14 flag =  5 temp_sign =  0
a =  3 b =  5 a_times_b = 14 temp_result = 17 flag =  6 temp_sign =  0
a =  3 b =  5 a_times_b = 14 temp_result = 17 flag =  6 temp_sign =  0
a =  3 b =  5 a_times_b = 14 temp_result =  0 flag =  0 temp_sign =  0
a =  3 b =  5 a_times_b = 14 temp_result =  0 flag =  0 temp_sign =  0
a =  3 b =  5 a_times_b =  0 temp_result =  3 flag =  1 temp_sign =  0
a =  3 b =  5 a_times_b =  0 temp_result =  3 flag =  1 temp_sign =  0
a =  3 b = 10 a_times_b =  3 temp_result =  6 flag =  2 temp_sign =  0
a =  3 b = 10 a_times_b =  3 temp_result =  6 flag =  2 temp_sign =  0
a =  3 b = 10 a_times_b =  6 temp_result =  9 flag =  3 temp_sign =  0
a =  3 b = 10 a_times_b =  6 temp_result =  9 flag =  3 temp_sign =  0
a =  3 b = 10 a_times_b =  9 temp_result = 12 flag =  4 temp_sign =  0
a =  3 b = 10 a_times_b =  9 temp_result = 12 flag =  4 temp_sign =  0
a =  3 b = 10 a_times_b = 12 temp_result = 15 flag =  5 temp_sign =  0
a =  3 b = 10 a_times_b = 12 temp_result = 15 flag =  5 temp_sign =  0
a =  3 b = 10 a_times_b = 15 temp_result = 18 flag =  6 temp_sign =  0
a =  3 b = 10 a_times_b = 15 temp_result = 18 flag =  6 temp_sign =  0
a =  3 b = 10 a_times_b = 18 temp_result = 21 flag =  7 temp_sign =  0
a =  3 b = 10 a_times_b = 18 temp_result = 21 flag =  7 temp_sign =  0
a =  3 b = 10 a_times_b = 21 temp_result = 24 flag =  8 temp_sign =  0
a =  3 b = 10 a_times_b = 21 temp_result = 24 flag =  8 temp_sign =  0
a =  3 b = 10 a_times_b = 24 temp_result = 27 flag =  9 temp_sign =  0
a =  3 b = 10 a_times_b = 24 temp_result = 27 flag =  9 temp_sign =  0
a =  3 b = 10 a_times_b = 27 temp_result = 30 flag = 10 temp_sign =  0
a =  3 b = 10 a_times_b = 27 temp_result = 30 flag = 10 temp_sign =  0
a =  3 b = 10 a_times_b = 30 temp_result = 33 flag = 11 temp_sign =  0
a =  3 b = 10 a_times_b = 30 temp_result = 33 flag = 11 temp_sign =  0
a =  3 b = 10 a_times_b = 30 temp_result =  0 flag =  0 temp_sign =  0
a =  3 b = 10 a_times_b = 30 temp_result =  0 flag =  0 temp_sign =  0
a =  3 b = 10 a_times_b =  0 temp_result =  3 flag =  1 temp_sign =  0
a =  3 b = 10 a_times_b =  0 temp_result =  3 flag =  1 temp_sign =  0
a =  3 b = 10 a_times_b =  3 temp_result =  6 flag =  2 temp_sign =  0
a =  3 b = 10 a_times_b =  3 temp_result =  6 flag =  2 temp_sign =  0
a =  3 b = 10 a_times_b =  6 temp_result =  9 flag =  3 temp_sign =  0
a =  3 b = 10 a_times_b =  6 temp_result =  9 flag =  3 temp_sign =  0
a =  3 b = 10 a_times_b =  9 temp_result = 12 flag =  4 temp_sign =  0
a =  3 b = 10 a_times_b =  9 temp_result = 12 flag =  4 temp_sign =  0
a =  3 b = 10 a_times_b = 12 temp_result = 15 flag =  5 temp_sign =  0
a =  3 b = 10 a_times_b = 12 temp_result = 15 flag =  5 temp_sign =  0
a =  3 b = 10 a_times_b = 15 temp_result = 18 flag =  6 temp_sign =  0
a =  3 b = 10 a_times_b = 15 temp_result = 18 flag =  6 temp_sign =  0
a =  3 b = 10 a_times_b = 18 temp_result = 21 flag =  7 temp_sign =  0
a =  3 b = 10 a_times_b = 18 temp_result = 21 flag =  7 temp_sign =  0
a =  3 b = 10 a_times_b = 21 temp_result = 24 flag =  8 temp_sign =  0
a =  3 b = 10 a_times_b = 21 temp_result = 24 flag =  8 temp_sign =  0
a =  3 b = 10 a_times_b = 24 temp_result = 27 flag =  9 temp_sign =  0
a =  3 b = 10 a_times_b = 24 temp_result = 27 flag =  9 temp_sign =  0
a =  4 b =  5 a_times_b = 27 temp_result = 30 flag = 10 temp_sign =  0
a =  4 b =  5 a_times_b = 27 temp_result = 30 flag = 10 temp_sign =  0
a =  4 b =  5 a_times_b = 27 temp_result =  0 flag =  0 temp_sign =  0
a =  4 b =  5 a_times_b = 27 temp_result =  0 flag =  0 temp_sign =  0
a =  4 b =  5 a_times_b =  0 temp_result =  3 flag =  1 temp_sign =  0
a =  4 b =  5 a_times_b =  0 temp_result =  3 flag =  1 temp_sign =  0
a =  4 b =  5 a_times_b =  3 temp_result =  7 flag =  2 temp_sign =  0
a =  4 b =  5 a_times_b =  3 temp_result =  7 flag =  2 temp_sign =  0
a =  4 b =  5 a_times_b =  7 temp_result = 11 flag =  3 temp_sign =  0
a =  4 b =  5 a_times_b =  7 temp_result = 11 flag =  3 temp_sign =  0
a =  4 b =  5 a_times_b = 11 temp_result = 15 flag =  4 temp_sign =  0
a =  4 b =  5 a_times_b = 11 temp_result = 15 flag =  4 temp_sign =  0
a =  4 b =  5 a_times_b = 15 temp_result = 19 flag =  5 temp_sign =  0
a =  4 b =  5 a_times_b = 15 temp_result = 19 flag =  5 temp_sign =  0
a =  4 b =  5 a_times_b = 19 temp_result = 23 flag =  6 temp_sign =  0
a =  4 b =  5 a_times_b = 19 temp_result = 23 flag =  6 temp_sign =  0
a =  4 b =  5 a_times_b = 19 temp_result =  0 flag =  0 temp_sign =  0
a =  4 b =  5 a_times_b = 19 temp_result =  0 flag =  0 temp_sign =  0
a =  4 b =  5 a_times_b =  0 temp_result =  4 flag =  1 temp_sign =  0
a =  4 b =  5 a_times_b =  0 temp_result =  4 flag =  1 temp_sign =  0
a = 63 b =  5 a_times_b =  4 temp_result =  8 flag =  2 temp_sign =  0
a = 63 b =  5 a_times_b =  4 temp_result =  8 flag =  2 temp_sign =  0
a = 63 b =  5 a_times_b =  8 temp_result = 12 flag =  3 temp_sign =  0
a = 63 b =  5 a_times_b =  8 temp_result = 12 flag =  3 temp_sign =  0
a = 63 b =  5 a_times_b = 12 temp_result = 11 flag =  4 temp_sign =  0
a = 63 b =  5 a_times_b = 12 temp_result = 11 flag =  4 temp_sign =  0
a = 63 b =  5 a_times_b = 11 temp_result = 10 flag =  5 temp_sign =  0
a = 63 b =  5 a_times_b = 11 temp_result = 10 flag =  5 temp_sign =  0
a = 63 b =  5 a_times_b = 10 temp_result =  9 flag =  6 temp_sign =  0
a = 63 b =  5 a_times_b = 10 temp_result =  9 flag =  6 temp_sign =  0
a = 63 b =  5 a_times_b = 10 temp_result =  0 flag =  0 temp_sign =  0
a = 63 b =  5 a_times_b = 10 temp_result =  0 flag =  0 temp_sign =  0
a = 63 b =  5 a_times_b =  0 temp_result = -1 flag =  1 temp_sign =  1
a = 63 b =  5 a_times_b =  0 temp_result = -1 flag =  1 temp_sign =  1
a = 63 b =  5 a_times_b = -1 temp_result = -2 flag =  2 temp_sign =  1
a = 63 b =  5 a_times_b = -1 temp_result = -2 flag =  2 temp_sign =  1
a = 63 b =  5 a_times_b = -2 temp_result = -3 flag =  3 temp_sign =  1
a = 63 b =  5 a_times_b = -2 temp_result = -3 flag =  3 temp_sign =  1
a = 63 b =  5 a_times_b = -3 temp_result = -4 flag =  4 temp_sign =  1
a = 63 b =  5 a_times_b = -3 temp_result = -4 flag =  4 temp_sign =  1
a = 63 b = 10 a_times_b = -4 temp_result = -5 flag =  5 temp_sign =  1
a = 63 b = 10 a_times_b = -4 temp_result = -5 flag =  5 temp_sign =  1
a = 63 b = 10 a_times_b = -5 temp_result = -6 flag =  6 temp_sign =  1
a = 63 b = 10 a_times_b = -5 temp_result = -6 flag =  6 temp_sign =  1
a = 63 b = 10 a_times_b = -6 temp_result = -7 flag =  7 temp_sign =  1
a = 63 b = 10 a_times_b = -6 temp_result = -7 flag =  7 temp_sign =  1
a = 63 b = 10 a_times_b = -7 temp_result = -8 flag =  8 temp_sign =  1
a = 63 b = 10 a_times_b = -7 temp_result = -8 flag =  8 temp_sign =  1
a = 63 b = 10 a_times_b = -8 temp_result = -9 flag =  9 temp_sign =  1
a = 63 b = 10 a_times_b = -8 temp_result = -9 flag =  9 temp_sign =  1
a = 63 b = 10 a_times_b = -9 temp_result = -10 flag = 10 temp_sign =  1
a = 63 b = 10 a_times_b = -9 temp_result = -10 flag = 10 temp_sign =  1
a = 63 b = 10 a_times_b = -10 temp_result = -11 flag = 11 temp_sign =  1
a = 63 b = 10 a_times_b = -10 temp_result = -11 flag = 11 temp_sign =  1
a = 63 b = 10 a_times_b = -10 temp_result =  0 flag =  0 temp_sign =  0
a = 63 b = 10 a_times_b = -10 temp_result =  0 flag =  0 temp_sign =  0
a = 63 b = 10 a_times_b =  0 temp_result = -1 flag =  1 temp_sign =  1
a = 63 b = 10 a_times_b =  0 temp_result = -1 flag =  1 temp_sign =  1
a = 63 b = 10 a_times_b = -1 temp_result = -2 flag =  2 temp_sign =  1
a = 63 b = 10 a_times_b = -1 temp_result = -2 flag =  2 temp_sign =  1
a = 63 b = 10 a_times_b = -2 temp_result = -3 flag =  3 temp_sign =  1
a = 63 b = 10 a_times_b = -2 temp_result = -3 flag =  3 temp_sign =  1
a = 63 b = 10 a_times_b = -3 temp_result = -4 flag =  4 temp_sign =  1
a = 63 b = 10 a_times_b = -3 temp_result = -4 flag =  4 temp_sign =  1
a = 63 b = 10 a_times_b = -4 temp_result = -5 flag =  5 temp_sign =  1
a = 63 b = 10 a_times_b = -4 temp_result = -5 flag =  5 temp_sign =  1
a = 63 b = 10 a_times_b = -5 temp_result = -6 flag =  6 temp_sign =  1
a = 63 b = 10 a_times_b = -5 temp_result = -6 flag =  6 temp_sign =  1
a = 63 b = 10 a_times_b = -6 temp_result = -7 flag =  7 temp_sign =  1
a = 63 b = 10 a_times_b = -6 temp_result = -7 flag =  7 temp_sign =  1
a = 63 b = 10 a_times_b = -7 temp_result = -8 flag =  8 temp_sign =  1
a = 63 b = 10 a_times_b = -7 temp_result = -8 flag =  8 temp_sign =  1
a = 63 b = 10 a_times_b = -8 temp_result = -9 flag =  9 temp_sign =  1
a = 63 b = 10 a_times_b = -8 temp_result = -9 flag =  9 temp_sign =  1
a = 63 b = 10 a_times_b = -9 temp_result = -10 flag = 10 temp_sign =  1
a = 63 b = 10 a_times_b = -9 temp_result = -10 flag = 10 temp_sign =  1
a = 63 b = 10 a_times_b = -10 temp_result = -11 flag = 11 temp_sign =  1
a = 63 b = 10 a_times_b = -10 temp_result = -11 flag = 11 temp_sign =  1
a = 63 b = 10 a_times_b = -10 temp_result =  0 flag =  0 temp_sign =  0
a = 63 b = 10 a_times_b = -10 temp_result =  0 flag =  0 temp_sign =  0
a = 63 b = 15 a_times_b =  0 temp_result = -1 flag =  1 temp_sign =  1
a = 63 b = 15 a_times_b =  0 temp_result = -1 flag =  1 temp_sign =  1
a = 63 b = 15 a_times_b = -1 temp_result = -2 flag =  2 temp_sign =  1
a = 63 b = 15 a_times_b = -1 temp_result = -2 flag =  2 temp_sign =  1
a = 63 b = 15 a_times_b = -2 temp_result = -3 flag =  3 temp_sign =  1
a = 63 b = 15 a_times_b = -2 temp_result = -3 flag =  3 temp_sign =  1
a = 63 b = 15 a_times_b = -3 temp_result = -4 flag =  4 temp_sign =  1
a = 63 b = 15 a_times_b = -3 temp_result = -4 flag =  4 temp_sign =  1
a = 63 b = 15 a_times_b = -4 temp_result = -5 flag =  5 temp_sign =  1
a = 63 b = 15 a_times_b = -4 temp_result = -5 flag =  5 temp_sign =  1
a = 63 b = 15 a_times_b = -5 temp_result = -6 flag =  6 temp_sign =  1
a = 63 b = 15 a_times_b = -5 temp_result = -6 flag =  6 temp_sign =  1
a = 63 b = 15 a_times_b = -6 temp_result = -7 flag =  7 temp_sign =  1
a = 63 b = 15 a_times_b = -6 temp_result = -7 flag =  7 temp_sign =  1
a = 63 b = 15 a_times_b = -7 temp_result = -8 flag =  8 temp_sign =  1
a = 63 b = 15 a_times_b = -7 temp_result = -8 flag =  8 temp_sign =  1
a = 63 b = 15 a_times_b = -8 temp_result = -9 flag =  9 temp_sign =  1
a = 63 b = 15 a_times_b = -8 temp_result = -9 flag =  9 temp_sign =  1
a = 63 b = 15 a_times_b = -9 temp_result = -10 flag = 10 temp_sign =  1
a = 63 b = 15 a_times_b = -9 temp_result = -10 flag = 10 temp_sign =  1
a = 63 b = 15 a_times_b = -10 temp_result = -11 flag = 11 temp_sign =  1
a = 63 b = 15 a_times_b = -10 temp_result = -11 flag = 11 temp_sign =  1
a = 63 b = 15 a_times_b = -11 temp_result = -12 flag = 12 temp_sign =  1
a = 63 b = 15 a_times_b = -11 temp_result = -12 flag = 12 temp_sign =  1
a = 63 b = 15 a_times_b = -12 temp_result = -13 flag = 13 temp_sign =  1
a = 63 b = 15 a_times_b = -12 temp_result = -13 flag = 13 temp_sign =  1
a = 63 b = 15 a_times_b = -13 temp_result = -14 flag = 14 temp_sign =  1
a = 63 b = 15 a_times_b = -13 temp_result = -14 flag = 14 temp_sign =  1
a = 63 b = 15 a_times_b = -14 temp_result = -15 flag = 15 temp_sign =  1
a = 63 b = 15 a_times_b = -14 temp_result = -15 flag = 15 temp_sign =  1
a = 63 b = 15 a_times_b = -15 temp_result = -16 flag = 16 temp_sign =  1
a = 63 b = 15 a_times_b = -15 temp_result = -16 flag = 16 temp_sign =  1
a = 63 b = 15 a_times_b = -15 temp_result =  0 flag =  0 temp_sign =  0
a = 63 b = 15 a_times_b = -15 temp_result =  0 flag =  0 temp_sign =  0
a = 63 b = 15 a_times_b =  0 temp_result = -1 flag =  1 temp_sign =  1
a = 63 b = 15 a_times_b =  0 temp_result = -1 flag =  1 temp_sign =  1
a = 63 b = 15 a_times_b = -1 temp_result = -2 flag =  2 temp_sign =  1
a = 63 b = 15 a_times_b = -1 temp_result = -2 flag =  2 temp_sign =  1
a = 63 b = 15 a_times_b = -2 temp_result = -3 flag =  3 temp_sign =  1
a = 63 b = 15 a_times_b = -2 temp_result = -3 flag =  3 temp_sign =  1
a = 63 b = 15 a_times_b = -3 temp_result = -4 flag =  4 temp_sign =  1
a = 63 b = 15 a_times_b = -3 temp_result = -4 flag =  4 temp_sign =  1
a = 63 b = 15 a_times_b = -4 temp_result = -5 flag =  5 temp_sign =  1
a = 63 b = 15 a_times_b = -4 temp_result = -5 flag =  5 temp_sign =  1
a = 63 b = 15 a_times_b = -5 temp_result = -6 flag =  6 temp_sign =  1
a = 63 b = 15 a_times_b = -5 temp_result = -6 flag =  6 temp_sign =  1
a = 63 b = 15 a_times_b = -6 temp_result = -7 flag =  7 temp_sign =  1
a = 63 b = 15 a_times_b = -6 temp_result = -7 flag =  7 temp_sign =  1
a = 63 b = 15 a_times_b = -7 temp_result = -8 flag =  8 temp_sign =  1
a = 63 b = 15 a_times_b = -7 temp_result = -8 flag =  8 temp_sign =  1
a = 63 b = 15 a_times_b = -8 temp_result = -9 flag =  9 temp_sign =  1
a = 63 b = 15 a_times_b = -8 temp_result = -9 flag =  9 temp_sign =  1
a = 63 b = 15 a_times_b = -9 temp_result = -10 flag = 10 temp_sign =  1
a = 63 b = 15 a_times_b = -9 temp_result = -10 flag = 10 temp_sign =  1
a = 63 b = 15 a_times_b = -10 temp_result = -11 flag = 11 temp_sign =  1
a = 63 b = 15 a_times_b = -10 temp_result = -11 flag = 11 temp_sign =  1
a = 63 b = 15 a_times_b = -11 temp_result = -12 flag = 12 temp_sign =  1
a = 63 b = 15 a_times_b = -11 temp_result = -12 flag = 12 temp_sign =  1
a = 63 b = 15 a_times_b = -12 temp_result = -13 flag = 13 temp_sign =  1
a = 63 b = 15 a_times_b = -12 temp_result = -13 flag = 13 temp_sign =  1
a = 63 b = 20 a_times_b = -13 temp_result = -14 flag = 14 temp_sign =  1
a = 63 b = 20 a_times_b = -13 temp_result = -14 flag = 14 temp_sign =  1
a = 63 b = 20 a_times_b = -14 temp_result = -15 flag = 15 temp_sign =  1
a = 63 b = 20 a_times_b = -14 temp_result = -15 flag = 15 temp_sign =  1
a = 63 b = 20 a_times_b = -15 temp_result = -16 flag = 16 temp_sign =  1
a = 63 b = 20 a_times_b = -15 temp_result = -16 flag = 16 temp_sign =  1
a = 63 b = 20 a_times_b = -16 temp_result = -17 flag = 17 temp_sign =  1
a = 63 b = 20 a_times_b = -16 temp_result = -17 flag = 17 temp_sign =  1
a = 63 b = 20 a_times_b = -17 temp_result = -18 flag = 18 temp_sign =  1
a = 63 b = 20 a_times_b = -17 temp_result = -18 flag = 18 temp_sign =  1
a = 63 b = 20 a_times_b = -18 temp_result = -19 flag = 19 temp_sign =  1
a = 63 b = 20 a_times_b = -18 temp_result = -19 flag = 19 temp_sign =  1
a = 63 b = 20 a_times_b = -19 temp_result = -20 flag = 20 temp_sign =  1
a = 63 b = 20 a_times_b = -19 temp_result = -20 flag = 20 temp_sign =  1
a = 63 b = 20 a_times_b = -20 temp_result = -21 flag = 21 temp_sign =  1
a = 63 b = 20 a_times_b = -20 temp_result = -21 flag = 21 temp_sign =  1
a = 63 b = 20 a_times_b = -20 temp_result =  0 flag =  0 temp_sign =  0
a = 63 b = 20 a_times_b = -20 temp_result =  0 flag =  0 temp_sign =  0
a = 63 b = 20 a_times_b =  0 temp_result = -1 flag =  1 temp_sign =  1
a = 63 b = 20 a_times_b =  0 temp_result = -1 flag =  1 temp_sign =  1
a = 63 b = 20 a_times_b = -1 temp_result = -2 flag =  2 temp_sign =  1
a = 63 b = 20 a_times_b = -1 temp_result = -2 flag =  2 temp_sign =  1
a = 63 b = 20 a_times_b = -2 temp_result = -3 flag =  3 temp_sign =  1
a = 63 b = 20 a_times_b = -2 temp_result = -3 flag =  3 temp_sign =  1
a = 63 b = 20 a_times_b = -3 temp_result = -4 flag =  4 temp_sign =  1
a = 63 b = 20 a_times_b = -3 temp_result = -4 flag =  4 temp_sign =  1
a = 63 b = 20 a_times_b = -4 temp_result = -5 flag =  5 temp_sign =  1
a = 63 b = 20 a_times_b = -4 temp_result = -5 flag =  5 temp_sign =  1
a = 63 b = 20 a_times_b = -5 temp_result = -6 flag =  6 temp_sign =  1
a = 63 b = 20 a_times_b = -5 temp_result = -6 flag =  6 temp_sign =  1
a = 63 b = 20 a_times_b = -6 temp_result = -7 flag =  7 temp_sign =  1
a = 63 b = 20 a_times_b = -6 temp_result = -7 flag =  7 temp_sign =  1
a = 63 b = 20 a_times_b = -7 temp_result = -8 flag =  8 temp_sign =  1
a = 63 b = 20 a_times_b = -7 temp_result = -8 flag =  8 temp_sign =  1
a = 63 b = 20 a_times_b = -8 temp_result = -9 flag =  9 temp_sign =  1
a = 63 b = 20 a_times_b = -8 temp_result = -9 flag =  9 temp_sign =  1
a = 63 b = 20 a_times_b = -9 temp_result = -10 flag = 10 temp_sign =  1
a = 63 b = 20 a_times_b = -9 temp_result = -10 flag = 10 temp_sign =  1
a = 63 b = 20 a_times_b = -10 temp_result = -11 flag = 11 temp_sign =  1
a = 63 b = 20 a_times_b = -10 temp_result = -11 flag = 11 temp_sign =  1
a = 63 b = 20 a_times_b = -11 temp_result = -12 flag = 12 temp_sign =  1
a = 63 b = 20 a_times_b = -11 temp_result = -12 flag = 12 temp_sign =  1
a = 63 b = 20 a_times_b = -12 temp_result = -13 flag = 13 temp_sign =  1
a = 63 b = 20 a_times_b = -12 temp_result = -13 flag = 13 temp_sign =  1
a = 63 b = 20 a_times_b = -13 temp_result = -14 flag = 14 temp_sign =  1
a = 63 b = 20 a_times_b = -13 temp_result = -14 flag = 14 temp_sign =  1
a = 63 b = 20 a_times_b = -14 temp_result = -15 flag = 15 temp_sign =  1
a = 63 b = 20 a_times_b = -14 temp_result = -15 flag = 15 temp_sign =  1
a = 63 b = 20 a_times_b = -15 temp_result = -16 flag = 16 temp_sign =  1
a = 63 b = 20 a_times_b = -15 temp_result = -16 flag = 16 temp_sign =  1
a = 63 b = 20 a_times_b = -16 temp_result = -17 flag = 17 temp_sign =  1
a = 63 b = 20 a_times_b = -16 temp_result = -17 flag = 17 temp_sign =  1
a = 63 b = 20 a_times_b = -17 temp_result = -18 flag = 18 temp_sign =  1
a = 63 b = 20 a_times_b = -17 temp_result = -18 flag = 18 temp_sign =  1
a = 63 b = 20 a_times_b = -18 temp_result = -19 flag = 19 temp_sign =  1
a = 63 b = 20 a_times_b = -18 temp_result = -19 flag = 19 temp_sign =  1
a = 63 b = 20 a_times_b = -19 temp_result = -20 flag = 20 temp_sign =  1
a = 63 b = 20 a_times_b = -19 temp_result = -20 flag = 20 temp_sign =  1
a = 63 b = 20 a_times_b = -20 temp_result = -21 flag = 21 temp_sign =  1
a = 63 b = 20 a_times_b = -20 temp_result = -21 flag = 21 temp_sign =  1
a = 63 b = 20 a_times_b = -20 temp_result =  0 flag =  0 temp_sign =  0
a = 63 b = 20 a_times_b = -20 temp_result =  0 flag =  0 temp_sign =  0
a = 63 b = 20 a_times_b =  0 temp_result = -1 flag =  1 temp_sign =  1
a = 63 b = 20 a_times_b =  0 temp_result = -1 flag =  1 temp_sign =  1
a = 63 b = 20 a_times_b = -1 temp_result = -2 flag =  2 temp_sign =  1
a = 63 b = 20 a_times_b = -1 temp_result = -2 flag =  2 temp_sign =  1
a = 63 b = 20 a_times_b = -2 temp_result = -3 flag =  3 temp_sign =  1
a = 63 b = 20 a_times_b = -2 temp_result = -3 flag =  3 temp_sign =  1
a = 63 b = 20 a_times_b = -3 temp_result = -4 flag =  4 temp_sign =  1
a = 63 b = 20 a_times_b = -3 temp_result = -4 flag =  4 temp_sign =  1
a = 63 b = 20 a_times_b = -4 temp_result = -5 flag =  5 temp_sign =  1
a = 63 b = 20 a_times_b = -4 temp_result = -5 flag =  5 temp_sign =  1
a = 63 b = 20 a_times_b = -5 temp_result = -6 flag =  6 temp_sign =  1
a = 63 b = 20 a_times_b = -5 temp_result = -6 flag =  6 temp_sign =  1
a = 63 b = 20 a_times_b = -6 temp_result = -7 flag =  7 temp_sign =  1
a = 63 b = 20 a_times_b = -6 temp_result = -7 flag =  7 temp_sign =  1
a = 63 b = 20 a_times_b = -7 temp_result = -8 flag =  8 temp_sign =  1
a = 63 b = 20 a_times_b = -7 temp_result = -8 flag =  8 temp_sign =  1
a = 63 b = 20 a_times_b = -8 temp_result = -9 flag =  9 temp_sign =  1
a = 63 b = 20 a_times_b = -8 temp_result = -9 flag =  9 temp_sign =  1
a = 63 b = 25 a_times_b = -9 temp_result = -10 flag = 10 temp_sign =  1
a = 63 b = 25 a_times_b = -9 temp_result = -10 flag = 10 temp_sign =  1
a = 63 b = 25 a_times_b = -10 temp_result = -11 flag = 11 temp_sign =  1
a = 63 b = 25 a_times_b = -10 temp_result = -11 flag = 11 temp_sign =  1
a = 63 b = 25 a_times_b = -11 temp_result = -12 flag = 12 temp_sign =  1
a = 63 b = 25 a_times_b = -11 temp_result = -12 flag = 12 temp_sign =  1
a = 63 b = 25 a_times_b = -12 temp_result = -13 flag = 13 temp_sign =  1
a = 63 b = 25 a_times_b = -12 temp_result = -13 flag = 13 temp_sign =  1
a = 63 b = 25 a_times_b = -13 temp_result = -14 flag = 14 temp_sign =  1
a = 63 b = 25 a_times_b = -13 temp_result = -14 flag = 14 temp_sign =  1
a = 63 b = 25 a_times_b = -14 temp_result = -15 flag = 15 temp_sign =  1
a = 63 b = 25 a_times_b = -14 temp_result = -15 flag = 15 temp_sign =  1
a = 63 b = 25 a_times_b = -15 temp_result = -16 flag = 16 temp_sign =  1
a = 63 b = 25 a_times_b = -15 temp_result = -16 flag = 16 temp_sign =  1
a = 63 b = 25 a_times_b = -16 temp_result = -17 flag = 17 temp_sign =  1
a = 63 b = 25 a_times_b = -16 temp_result = -17 flag = 17 temp_sign =  1
a = 63 b = 25 a_times_b = -17 temp_result = -18 flag = 18 temp_sign =  1
a = 63 b = 25 a_times_b = -17 temp_result = -18 flag = 18 temp_sign =  1
a = 63 b = 25 a_times_b = -18 temp_result = -19 flag = 19 temp_sign =  1
a = 63 b = 25 a_times_b = -18 temp_result = -19 flag = 19 temp_sign =  1
a = 63 b = 25 a_times_b = -19 temp_result = -20 flag = 20 temp_sign =  1
a = 63 b = 25 a_times_b = -19 temp_result = -20 flag = 20 temp_sign =  1
a = 63 b = 25 a_times_b = -20 temp_result = -21 flag = 21 temp_sign =  1
a = 63 b = 25 a_times_b = -20 temp_result = -21 flag = 21 temp_sign =  1
a = 63 b = 25 a_times_b = -21 temp_result = -22 flag = 22 temp_sign =  1
a = 63 b = 25 a_times_b = -21 temp_result = -22 flag = 22 temp_sign =  1
a = 63 b = 25 a_times_b = -22 temp_result = -23 flag = 23 temp_sign =  1
a = 63 b = 25 a_times_b = -22 temp_result = -23 flag = 23 temp_sign =  1
a = 63 b = 25 a_times_b = -23 temp_result = -24 flag = 24 temp_sign =  1
a = 63 b = 25 a_times_b = -23 temp_result = -24 flag = 24 temp_sign =  1
a = 63 b = 25 a_times_b = -24 temp_result = -25 flag = 25 temp_sign =  1
a = 63 b = 25 a_times_b = -24 temp_result = -25 flag = 25 temp_sign =  1
a = 63 b = 25 a_times_b = -25 temp_result = -26 flag = 26 temp_sign =  1
a = 63 b = 25 a_times_b = -25 temp_result = -26 flag = 26 temp_sign =  1
a = 63 b = 25 a_times_b = -25 temp_result =  0 flag =  0 temp_sign =  0
a = 63 b = 25 a_times_b = -25 temp_result =  0 flag =  0 temp_sign =  0
a = 63 b = 25 a_times_b =  0 temp_result = -1 flag =  1 temp_sign =  1
a = 63 b = 25 a_times_b =  0 temp_result = -1 flag =  1 temp_sign =  1
a = 63 b = 25 a_times_b = -1 temp_result = -2 flag =  2 temp_sign =  1
a = 63 b = 25 a_times_b = -1 temp_result = -2 flag =  2 temp_sign =  1
a = 63 b = 25 a_times_b = -2 temp_result = -3 flag =  3 temp_sign =  1
a = 63 b = 25 a_times_b = -2 temp_result = -3 flag =  3 temp_sign =  1
a = 63 b = 25 a_times_b = -3 temp_result = -4 flag =  4 temp_sign =  1
a = 63 b = 25 a_times_b = -3 temp_result = -4 flag =  4 temp_sign =  1
a = 63 b = 25 a_times_b = -4 temp_result = -5 flag =  5 temp_sign =  1
a = 63 b = 25 a_times_b = -4 temp_result = -5 flag =  5 temp_sign =  1
a = 63 b = 25 a_times_b = -5 temp_result = -6 flag =  6 temp_sign =  1
a = 63 b = 25 a_times_b = -5 temp_result = -6 flag =  6 temp_sign =  1
a = 63 b = 25 a_times_b = -6 temp_result = -7 flag =  7 temp_sign =  1
a = 63 b = 25 a_times_b = -6 temp_result = -7 flag =  7 temp_sign =  1
a = 63 b = 25 a_times_b = -7 temp_result = -8 flag =  8 temp_sign =  1
a = 63 b = 25 a_times_b = -7 temp_result = -8 flag =  8 temp_sign =  1
a = 63 b = 25 a_times_b = -8 temp_result = -9 flag =  9 temp_sign =  1
a = 63 b = 25 a_times_b = -8 temp_result = -9 flag =  9 temp_sign =  1
a = 63 b = 25 a_times_b = -9 temp_result = -10 flag = 10 temp_sign =  1
a = 63 b = 25 a_times_b = -9 temp_result = -10 flag = 10 temp_sign =  1
a = 63 b = 25 a_times_b = -10 temp_result = -11 flag = 11 temp_sign =  1
a = 63 b = 25 a_times_b = -10 temp_result = -11 flag = 11 temp_sign =  1
a = 63 b = 25 a_times_b = -11 temp_result = -12 flag = 12 temp_sign =  1
a = 63 b = 25 a_times_b = -11 temp_result = -12 flag = 12 temp_sign =  1
a = 63 b = 25 a_times_b = -12 temp_result = -13 flag = 13 temp_sign =  1
a = 63 b = 25 a_times_b = -12 temp_result = -13 flag = 13 temp_sign =  1
a = 63 b = 25 a_times_b = -13 temp_result = -14 flag = 14 temp_sign =  1
a = 63 b = 25 a_times_b = -13 temp_result = -14 flag = 14 temp_sign =  1
a = 63 b = 25 a_times_b = -14 temp_result = -15 flag = 15 temp_sign =  1
a = 63 b = 25 a_times_b = -14 temp_result = -15 flag = 15 temp_sign =  1
a = 63 b = 25 a_times_b = -15 temp_result = -16 flag = 16 temp_sign =  1
a = 63 b = 25 a_times_b = -15 temp_result = -16 flag = 16 temp_sign =  1
a = 63 b = 25 a_times_b = -16 temp_result = -17 flag = 17 temp_sign =  1
a = 63 b = 25 a_times_b = -16 temp_result = -17 flag = 17 temp_sign =  1
a = 63 b = 25 a_times_b = -17 temp_result = -18 flag = 18 temp_sign =  1
a = 63 b = 25 a_times_b = -17 temp_result = -18 flag = 18 temp_sign =  1
a = 63 b = 25 a_times_b = -18 temp_result = -19 flag = 19 temp_sign =  1
a = 63 b = 25 a_times_b = -18 temp_result = -19 flag = 19 temp_sign =  1
a = 63 b = 25 a_times_b = -19 temp_result = -20 flag = 20 temp_sign =  1
a = 63 b = 25 a_times_b = -19 temp_result = -20 flag = 20 temp_sign =  1
a = 63 b = 25 a_times_b = -20 temp_result = -21 flag = 21 temp_sign =  1
a = 63 b = 25 a_times_b = -20 temp_result = -21 flag = 21 temp_sign =  1
a = 63 b = 25 a_times_b = -21 temp_result = -22 flag = 22 temp_sign =  1
a = 63 b = 25 a_times_b = -21 temp_result = -22 flag = 22 temp_sign =  1
a = 63 b = 25 a_times_b = -22 temp_result = -23 flag = 23 temp_sign =  1
